  Source.cpp
E:\Sets4\CG\CGl\Final project\Final project\Source.cpp(196,26): warning C4244: 'initializing': conversion from 'double' to 'float', possible loss of data
E:\Sets4\CG\CGl\Final project\Final project\Source.cpp(205,32): warning C4244: '=': conversion from 'double' to 'float', possible loss of data
E:\Sets4\CG\CGl\Final project\Final project\Source.cpp(209,34): warning C4244: '=': conversion from 'double' to 'T', possible loss of data
          with
          [
              T=float
          ]
E:\Sets4\CG\CGl\Final project\Final project\Source.cpp(210,34): warning C4244: '=': conversion from 'double' to 'T', possible loss of data
          with
          [
              T=float
          ]
E:\Sets4\CG\CGl\Final project\Final project\Source.cpp(211,41): warning C4244: '=': conversion from 'double' to 'T', possible loss of data
          with
          [
              T=float
          ]
E:\Sets4\CG\CGl\Final project\Final project\Source.cpp(212,21): warning C4244: '=': conversion from 'double' to 'T', possible loss of data
          with
          [
              T=float
          ]
E:\Sets4\CG\CGl\Final project\Final project\Source.cpp(213,21): warning C4244: '=': conversion from 'double' to 'T', possible loss of data
          with
          [
              T=float
          ]
E:\Sets4\CG\CGl\Final project\Final project\Source.cpp(261,28): warning C4244: '=': conversion from 'double' to 'float', possible loss of data
E:\Sets4\CG\CGl\Final project\Final project\Source.cpp(331,23): warning C4244: 'initializing': conversion from 'double' to 'float', possible loss of data
LINK : warning LNK4098: defaultlib 'LIBCMT' conflicts with use of other libs; use /NODEFAULTLIB:library
  Generating code
  0 of 485 functions ( 0.0%) were compiled, the rest were copied from previous compilation.
    0 functions were new in current compilation
    0 functions had inline decision re-evaluated but remain unchanged
  Finished generating code
glew32s.lib(glew.obj) : warning LNK4099: PDB 'glew32s.pdb' was not found with 'glew32s.lib(glew.obj)' or at 'E:\Sets4\CG\CGl\Final project\x64\Release\glew32s.pdb'; linking object as if no debug info
  Final project.vcxproj -> E:\Sets4\CG\CGl\Final project\x64\Release\Final project.exe
